Drill report for CrowBar.kicad_pcb
Created on 2024-12-28T18:58:43+0100

Copper Layer Stackup:
    =============================================================
    L1 :  F.Cu                      front
    L2 :  B.Cu                      back


Drill file 'CrowBar-PTH.drl' contains
    plated through holes:
    =============================================================
    T1  0,900mm  0,0354"  (153 holes)
    T2  1,500mm  0,0591"  (3 holes)
    T3  2,000mm  0,0787"  (4 holes)
    T4  3,000mm  0,1181"  (16 holes)
    T5  3,200mm  0,1260"  (5 holes)

    Total plated holes count 181


Drill file 'CrowBar-NPTH.drl' contains
    unplated through holes:
    =============================================================
    T1  3,600mm  0,1417"  (1 hole)

    Total unplated holes count 1
